<?xml version="1.0" encoding="UTF-8"?>
<!-- Generated by org.testng.reporters.JUnitReportReporter -->
<testsuite hostname="LAPTOP-PM0B0DAB" failures="1" tests="3" name="TestRun.TestRunner" time="32.309" errors="0" timestamp="2022-12-19T02:30:16 PKT" skipped="0">
  <testcase classname="TestRun.TestRunner" name="runScenario" time="9.004">
    <failure message="expected:&lt;3[0]&gt; but was:&lt;3[]&gt;" type="org.junit.ComparisonFailure">
      <![CDATA[org.junit.ComparisonFailure: expected:<3[0]> but was:<3[]>
at org.junit.Assert.assertEquals(Assert.java:115)
at org.junit.Assert.assertEquals(Assert.java:144)
at PageObjects.LandingPage.GetAndCompareText(LandingPage.java:75)
at PageObjects.LandingPage.PriceAndCurrencyDetails(LandingPage.java:94)
at StepDefinition.Stc_tv_plans_steps.validate_prices_with_currency_for_all_countries(Stc_tv_plans_steps.java:35)
at ✽.Validate Lite Price 2, Classic Prices 30 and Premium 6 with Currency BHD/month for all Countries Bahrain(file:///C:/Users/arshi/eclipse-workspace/Automation/src/test/java/Features/Stc_tv_plans.feature:8)
]]>
    </failure>
  </testcase> <!-- runScenario -->
  <system-out/>
  <testcase classname="TestRun.TestRunner" name="runScenario" time="11.209"/>
  <system-out/>
  <testcase classname="TestRun.TestRunner" name="runScenario" time="12.096"/>
  <system-out/>
</testsuite> <!-- TestRun.TestRunner -->
