<?xml version="1.0" encoding="UTF-8"?>
<!-- Generated by org.testng.reporters.JUnitXMLReporter -->
<testsuite ignored="0" hostname="LAPTOP-PM0B0DAB" failures="1" tests="3" name="Default test" time="34.091" errors="0" timestamp="2022-12-19T02:30:15 PKT">
  <testcase classname="io.cucumber.testng.AbstractTestNGCucumberTests" name="runScenario" time="11.209"/>
  <testcase classname="io.cucumber.testng.AbstractTestNGCucumberTests" name="runScenario" time="9.004">
    <failure type="org.junit.ComparisonFailure" message="expected:&amp;lt;3[0]&amp;gt; but was:&amp;lt;3[]&amp;gt;">
      <![CDATA[org.junit.ComparisonFailure: expected:<3[0]> but was:<3[]>
at org.junit.Assert.assertEquals(Assert.java:115)
at org.junit.Assert.assertEquals(Assert.java:144)
at PageObjects.LandingPage.GetAndCompareText(LandingPage.java:75)
at PageObjects.LandingPage.PriceAndCurrencyDetails(LandingPage.java:94)
at StepDefinition.Stc_tv_plans_steps.validate_prices_with_currency_for_all_countries(Stc_tv_plans_steps.java:35)
at ✽.Validate Lite Price 2, Classic Prices 30 and Premium 6 with Currency BHD/month for all Countries Bahrain(file:///C:/Users/arshi/eclipse-workspace/Automation/src/test/java/Features/Stc_tv_plans.feature:8)
]]>
    </failure>
  </testcase> <!-- runScenario -->
  <testcase classname="io.cucumber.testng.AbstractTestNGCucumberTests" name="runScenario" time="12.096"/>
</testsuite> <!-- Default test -->
