<?xml version="1.0" encoding="UTF-8"?>
<testng-results ignored="0" total="3" passed="3" failed="0" skipped="0">
  <reporter-output>
  </reporter-output>
  <suite started-at="2022-12-19T02:44:48 PKT" name="Default suite" finished-at="2022-12-19T02:45:33 PKT" duration-ms="44380">
    <groups>
      <group name="cucumber">
        <method signature="AbstractTestNGCucumberTests.runScenario(io.cucumber.testng.PickleWrapper,io.cucumber.testng.FeatureWrapper)[pri:0, instance:TestRun.TestRunner@7c37508a]" name="runScenario" class="io.cucumber.testng.AbstractTestNGCucumberTests"/>
      </group> <!-- cucumber -->
    </groups>
    <test started-at="2022-12-19T02:44:48 PKT" name="Default test" finished-at="2022-12-19T02:45:33 PKT" duration-ms="44380">
      <class name="TestRun.TestRunner">
        <test-method is-config="true" signature="setUpClass(org.testng.ITestContext)[pri:0, instance:TestRun.TestRunner@7c37508a]" started-at="2022-12-19T02:44:48 PKT" name="setUpClass" finished-at="2022-12-19T02:44:49 PKT" duration-ms="643" status="PASS">
          <params>
            <param index="0">
              <value>
                <![CDATA[org.testng.TestRunner@5158a9f7]]>
              </value>
            </param>
          </params>
          <reporter-output>
          </reporter-output>
        </test-method> <!-- setUpClass -->
        <test-method signature="runScenario(io.cucumber.testng.PickleWrapper,io.cucumber.testng.FeatureWrapper)[pri:0, instance:TestRun.TestRunner@7c37508a]" started-at="2022-12-19T02:44:49 PKT" name="runScenario" description="Runs Cucumber Scenarios" data-provider="scenarios" finished-at="2022-12-19T02:45:05 PKT" duration-ms="16262" status="PASS">
          <params>
            <param index="0">
              <value>
                <![CDATA["Validate Information of Subscription Packages"]]>
              </value>
            </param>
            <param index="1">
              <value>
                <![CDATA["Verify STC TV Plans and Details"]]>
              </value>
            </param>
          </params>
          <reporter-output>
          </reporter-output>
        </test-method> <!-- runScenario -->
        <test-method signature="runScenario(io.cucumber.testng.PickleWrapper,io.cucumber.testng.FeatureWrapper)[pri:0, instance:TestRun.TestRunner@7c37508a]" started-at="2022-12-19T02:45:05 PKT" name="runScenario" description="Runs Cucumber Scenarios" data-provider="scenarios" finished-at="2022-12-19T02:45:20 PKT" duration-ms="15058" status="PASS">
          <params>
            <param index="0">
              <value>
                <![CDATA["Validate Information of Subscription Packages"]]>
              </value>
            </param>
            <param index="1">
              <value>
                <![CDATA["Verify STC TV Plans and Details"]]>
              </value>
            </param>
          </params>
          <reporter-output>
          </reporter-output>
        </test-method> <!-- runScenario -->
        <test-method signature="runScenario(io.cucumber.testng.PickleWrapper,io.cucumber.testng.FeatureWrapper)[pri:0, instance:TestRun.TestRunner@7c37508a]" started-at="2022-12-19T02:45:20 PKT" name="runScenario" description="Runs Cucumber Scenarios" data-provider="scenarios" finished-at="2022-12-19T02:45:32 PKT" duration-ms="12062" status="PASS">
          <params>
            <param index="0">
              <value>
                <![CDATA["Validate Information of Subscription Packages"]]>
              </value>
            </param>
            <param index="1">
              <value>
                <![CDATA["Verify STC TV Plans and Details"]]>
              </value>
            </param>
          </params>
          <reporter-output>
          </reporter-output>
        </test-method> <!-- runScenario -->
        <test-method is-config="true" signature="tearDownClass()[pri:0, instance:TestRun.TestRunner@7c37508a]" started-at="2022-12-19T02:45:32 PKT" name="tearDownClass" finished-at="2022-12-19T02:45:33 PKT" duration-ms="304" status="PASS">
          <reporter-output>
          </reporter-output>
        </test-method> <!-- tearDownClass -->
      </class> <!-- TestRun.TestRunner -->
    </test> <!-- Default test -->
  </suite> <!-- Default suite -->
</testng-results>
