<?xml version="1.0" encoding="UTF-8"?>
<!-- Generated by org.testng.reporters.JUnitReportReporter -->
<testsuite hostname="LAPTOP-PM0B0DAB" failures="0" tests="1" name="TestRun.FailedTestRunner" time="8.669" errors="1" timestamp="2022-12-18T17:42:31 PKT" skipped="0">
  <testcase classname="TestRun.FailedTestRunner" name="runScenario" time="8.669">
    <error message="Unresolved compilation problems: 
	The method GetAndCompareText(By, String) is undefined for the type LandingPage
	The method GetAndCompareText(By, String) is undefined for the type LandingPage
	The method GetAndCompareText(By, String) is undefined for the type LandingPage
	The method GetAndCompareText(By, String) is undefined for the type LandingPage
	The method GetAndCompareText(By, String) is undefined for the type LandingPage
	The method GetAndCompareText(By, String) is undefined for the type LandingPage
	The method GetAndCompareText(By, String) is undefined for the type LandingPage
	The method GetAndCompareText(By, String) is undefined for the type LandingPage
	The method GetAndCompareText(By, String) is undefined for the type LandingPage
" type="java.lang.Error">
      <![CDATA[java.lang.Error: Unresolved compilation problems: 
The method GetAndCompareText(By, String) is undefined for the type LandingPage
The method GetAndCompareText(By, String) is undefined for the type LandingPage
The method GetAndCompareText(By, String) is undefined for the type LandingPage
The method GetAndCompareText(By, String) is undefined for the type LandingPage
The method GetAndCompareText(By, String) is undefined for the type LandingPage
The method GetAndCompareText(By, String) is undefined for the type LandingPage
The method GetAndCompareText(By, String) is undefined for the type LandingPage
The method GetAndCompareText(By, String) is undefined for the type LandingPage
The method GetAndCompareText(By, String) is undefined for the type LandingPage

at PageObjects.LandingPage.checkprice(LandingPage.java:81)
at StepDefinition.Stc_tv_plans_steps.validate_and_with_of_lite_plan_for_all(Stc_tv_plans_steps.java:39)
at ✽.Validate 15 25 60 with SAR of Lite Plan for all KSA(file:///C:/Users/arshi/eclipse-workspace/Automation/src/test/java/Features/Stc_tv_plans.feature:8)
]]>
    </error>
  </testcase> <!-- runScenario -->
  <system-out/>
</testsuite> <!-- TestRun.FailedTestRunner -->
